#
# A fatal error has been detected by the Java Runtime Environment:
#
#  SIGILL (0x4) at pc=0x00007fff69b9f3e3, pid=1851, tid=0x0000000000000307
#
# JRE version: Java(TM) SE Runtime Environment (8.0_121-b13) (build 1.8.0_121-b13)
# Java VM: Java HotSpot(TM) 64-Bit Server VM (25.121-b13 mixed mode bsd-amd64 compressed oops)
# Problematic frame:
# C  [libdispatch.dylib+0xf3e3]  __DISPATCH_WAIT_FOR_QUEUE__+0x182
#
# Failed to write core dump. Core dumps have been disabled. To enable core dumping, try "ulimit -c unlimited" before starting Java again
#
# If you would like to submit a bug report, please visit:
#   http://bugreport.java.com/bugreport/crash.jsp
# The crash happened outside the Java Virtual Machine in native code.
# See problematic frame for where to report the bug.
#

---------------  T H R E A D  ---------------

Current thread (0x00007fd2198fb000):  JavaThread "JavaFX Application Thread" [_thread_in_native, id=775, stack(0x00007ffee0aef000,0x00007ffee12ef000)]

siginfo: si_signo: 4 (SIGILL), si_code: 1 (ILL_ILLOPC), si_addr: 0x00007fff69b9f3e3

Registers:
RAX=0x001ffe9000000304, RBX=0x00007ffee12e6750, RCX=0x001ffe9000000304, RDX=0x00007fff69bc18f6
RSP=0x00007ffee12e6720, RBP=0x00007ffee12e6740, RSI=0x0000002000000000, RDI=0xff80002000000002
R8 =0x00007fffa05343c0, R9 =0x0000000000000013, R10=0x0000003000000000, R11=0x0060000000000000
R12=0x00007ffee12e6808, R13=0x00007fffa05343c0, R14=0x00007fffa05343c0, R15=0x0000000127aa7deb
RIP=0x00007fff69b9f3e3, EFLAGS=0x0000000000010246, ERR=0x0000000000000000
  TRAPNO=0x0000000000000006

Top of Stack: (sp=0x00007ffee12e6720)
0x00007ffee12e6720:   0000000000000307 00007ffee12e6750
0x00007ffee12e6730:   0000000000000000 0000000127aa7deb
0x00007ffee12e6740:   00007ffee12e67f0 00007fff69b9efce
0x00007ffee12e6750:   0000000000000013 00000000100020ff
0x00007ffee12e6760:   0000000000000000 0000000000000000
0x00007ffee12e6770:   00007fff69b9f193 00007ffee12e6750
0x00007ffee12e6780:   0000000000000000 00007fffa05343c0
0x00007ffee12e6790:   0000000127aa7deb 00007ffee12e6808
0x00007ffee12e67a0:   0000000000000000 0000000000000000
0x00007ffee12e67b0:   0000030700000000 00007ffee1000000
0x00007ffee12e67c0:   0000000000000002 00007ffee12e6868
0x00007ffee12e67d0:   0000000000000000 000000012ce80348
0x00007ffee12e67e0:   0000000127ab44be 00007fd217fd77f0
0x00007ffee12e67f0:   00007ffee12e6850 0000000127aa7db1
0x00007ffee12e6800:   00007fd217fc99b0 00007fffa0543070
0x00007ffee12e6810:   00000000c2000000 0000000127aa7deb
0x00007ffee12e6820:   0000000127abc360 00007fd217fd77f0
0x00007ffee12e6830:   00007ffee12e6868 00007fd2198fb1f8
0x00007ffee12e6840:   00007ffee12e6868 00007fffa0547070
0x00007ffee12e6850:   00007ffee12e73d0 0000000127aa93fb
0x00007ffee12e6860:   000000011515b210 0000000127abc460
0x00007ffee12e6870:   000000000bc1aa01 000000000bc2bb02
0x00007ffee12e6880:   0000000127ab4700 0000000000000000
0x00007ffee12e6890:   000000011520b7c0 0000000000000018
0x00007ffee12e68a0:   00007ffee12e6b20 000000010ed0c38f
0x00007ffee12e68b0:   00007ffee12e68d0 00007fd217f35c00
0x00007ffee12e68c0:   0000000100000048 0000000000000018
0x00007ffee12e68d0:   00007ffee12e6b50 000000010ed0c38f
0x00007ffee12e68e0:   0000000000000033 00007fd217f35c00
0x00007ffee12e68f0:   0000003000000048 00007ffee12e7100
0x00007ffee12e6900:   0000000000000047 00007fd2198fb000
0x00007ffee12e6910:   00007ffee12e6930 000000010ed245f9 

Instructions: (pc=0x00007fff69b9f3e3)
0x00007fff69b9f3c3:   48 89 d1 e9 e9 fe ff ff 48 8d 15 24 25 02 00 48
0x00007fff69b9f3d3:   89 c8 48 89 15 94 6e 99 36 48 89 05 bd 6e 99 36
0x00007fff69b9f3e3:   0f 0b 55 48 89 e5 41 56 53 49 89 f6 48 89 fb 83
0x00007fff69b9f3f3:   e2 02 d1 ea 4c 39 f3 74 36 f6 c2 01 74 12 48 8b 

Register to memory mapping:

RAX=0x001ffe9000000304 is an unknown value
RBX=0x00007ffee12e6750 is pointing into the stack for thread: 0x00007fd2198fb000
RCX=0x001ffe9000000304 is an unknown value
RDX=0x00007fff69bc18f6: __libdispatchVersionNumber+0x1e36 in /usr/lib/system/libdispatch.dylib at 0x00007fff69b90000
RSP=0x00007ffee12e6720 is pointing into the stack for thread: 0x00007fd2198fb000
RBP=0x00007ffee12e6740 is pointing into the stack for thread: 0x00007fd2198fb000
RSI=0x0000002000000000 is an unknown value
RDI=0xff80002000000002 is an unknown value
R8 =0x00007fffa05343c0: _dispatch_main_q+0 in /usr/lib/system/libdispatch.dylib at 0x00007fff69b90000
R9 =0x0000000000000013 is an unknown value
R10=0x0000003000000000 is an unknown value
R11=0x0060000000000000 is an unknown value
R12=0x00007ffee12e6808 is pointing into the stack for thread: 0x00007fd2198fb000
R13=0x00007fffa05343c0: _dispatch_main_q+0 in /usr/lib/system/libdispatch.dylib at 0x00007fff69b90000
R14=0x00007fffa05343c0: _dispatch_main_q+0 in /usr/lib/system/libdispatch.dylib at 0x00007fff69b90000
R15=0x0000000127aa7deb: ___Z22synchronousBTOperationP8Runnable_block_invoke+0 in /private/var/folders/37/ky7bsghx73x48tqrbwk0xhx40000gn/T/bluecove_danielmarchan_0/libbluecove.jnilib at 0x0000000127aa4000


Stack: [0x00007ffee0aef000,0x00007ffee12ef000],  sp=0x00007ffee12e6720,  free space=8157k
Native frames: (J=compiled Java code, j=interpreted, Vv=VM code, C=native code)
C  [libdispatch.dylib+0xf3e3]  __DISPATCH_WAIT_FOR_QUEUE__+0x182
C  [libdispatch.dylib+0xefce]  _dispatch_sync_f_slow+0xab
C  [libbluecove.jnilib+0x3db1]  _Z22synchronousBTOperationP8Runnable+0x8b
C  [libbluecove.jnilib+0x53fb]  Java_com_intel_bluetooth_BluetoothStackOSX_getLocalDeviceSupportedSoftwareVersion+0xdd
j  com.intel.bluetooth.BluetoothStackOSX.getLocalDeviceSupportedSoftwareVersion()I+0
j  com.intel.bluetooth.BluetoothStackOSX.initialize()V+101
j  com.intel.bluetooth.BlueCoveImpl.setBluetoothStack(Ljava/lang/String;Lcom/intel/bluetooth/BluetoothStack;)Lcom/intel/bluetooth/BluetoothStack;+290
j  com.intel.bluetooth.BlueCoveImpl.detectStack()Lcom/intel/bluetooth/BluetoothStack;+455
j  com.intel.bluetooth.BlueCoveImpl.access$500(Lcom/intel/bluetooth/BlueCoveImpl;)Lcom/intel/bluetooth/BluetoothStack;+1
j  com.intel.bluetooth.BlueCoveImpl$1.run()Ljava/lang/Object;+4
v  ~StubRoutines::call_stub
V  [libjvm.dylib+0x2ed9d6]
V  [libjvm.dylib+0x34e114]
j  java.security.AccessController.doPrivileged(Ljava/security/PrivilegedExceptionAction;Ljava/security/AccessControlContext;)Ljava/lang/Object;+0
j  com.intel.bluetooth.BlueCoveImpl.detectStackPrivileged()Lcom/intel/bluetooth/BluetoothStack;+15
j  com.intel.bluetooth.BlueCoveImpl.getBluetoothStack()Lcom/intel/bluetooth/BluetoothStack;+63
j  javax.bluetooth.LocalDevice.getLocalDeviceInstance()Ljavax/bluetooth/LocalDevice;+3
j  javax.bluetooth.LocalDevice.getLocalDevice()Ljavax/bluetooth/LocalDevice;+0
j  BITalino.DeviceDiscoverer.<init>()V+20
j  BITalino.BITalino.findDevices()Ljava/util/Vector;+4
j  telearritmia.FXMLVistaBitalino2Controller.record(Ljavafx/event/ActionEvent;)V+44
v  ~StubRoutines::call_stub
V  [libjvm.dylib+0x2ed9d6]
V  [libjvm.dylib+0x4d26c4]
V  [libjvm.dylib+0x4d2bf8]
V  [libjvm.dylib+0x345db8]
j  sun.reflect.NativeMethodAccessorImpl.invoke0(Ljava/lang/reflect/Method;Ljava/lang/Object;[Ljava/lang/Object;)Ljava/lang/Object;+0
j  sun.reflect.NativeMethodAccessorImpl.invoke(Ljava/lang/Object;[Ljava/lang/Object;)Ljava/lang/Object;+100
J 1715 C1 sun.reflect.DelegatingMethodAccessorImpl.invoke(Ljava/lang/Object;[Ljava/lang/Object;)Ljava/lang/Object; (10 bytes) @ 0x00000001172df06c [0x00000001172def40+0x12c]
J 1319 C1 java.lang.reflect.Method.invoke(Ljava/lang/Object;[Ljava/lang/Object;)Ljava/lang/Object; (62 bytes) @ 0x000000011722420c [0x0000000117223de0+0x42c]
j  sun.reflect.misc.Trampoline.invoke(Ljava/lang/reflect/Method;Ljava/lang/Object;[Ljava/lang/Object;)Ljava/lang/Object;+7
j  sun.reflect.GeneratedMethodAccessor1.invoke(Ljava/lang/Object;[Ljava/lang/Object;)Ljava/lang/Object;+40
J 1715 C1 sun.reflect.DelegatingMethodAccessorImpl.invoke(Ljava/lang/Object;[Ljava/lang/Object;)Ljava/lang/Object; (10 bytes) @ 0x00000001172df06c [0x00000001172def40+0x12c]
J 1319 C1 java.lang.reflect.Method.invoke(Ljava/lang/Object;[Ljava/lang/Object;)Ljava/lang/Object; (62 bytes) @ 0x000000011722420c [0x0000000117223de0+0x42c]
j  sun.reflect.misc.MethodUtil.invoke(Ljava/lang/reflect/Method;Ljava/lang/Object;[Ljava/lang/Object;)Ljava/lang/Object;+20
j  javafx.fxml.FXMLLoader$MethodHandler.invoke([Ljava/lang/Object;)V+19
j  javafx.fxml.FXMLLoader$ControllerMethodEventHandler.handle(Ljavafx/event/Event;)V+12
J 2409 C1 com.sun.javafx.event.CompositeEventHandler.dispatchBubblingEvent(Ljavafx/event/Event;)V (57 bytes) @ 0x00000001174adb24 [0x00000001174ad740+0x3e4]
J 1580 C1 com.sun.javafx.event.EventHandlerManager.dispatchBubblingEvent(Ljavafx/event/Event;)Ljavafx/event/Event; (23 bytes) @ 0x0000000116ec5174 [0x0000000116ec4ae0+0x694]
J 1579 C1 com.sun.javafx.event.CompositeEventDispatcher.dispatchBubblingEvent(Ljavafx/event/Event;)Ljavafx/event/Event; (35 bytes) @ 0x0000000116ec717c [0x0000000116ec6fa0+0x1dc]
J 1550 C1 com.sun.javafx.event.BasicEventDispatcher.dispatchEvent(Ljavafx/event/Event;Ljavafx/event/EventDispatchChain;)Ljavafx/event/Event; (44 bytes) @ 0x000000011729f58c [0x000000011729f240+0x34c]
J 982 C1 com.sun.javafx.event.EventDispatchChainImpl.dispatchEvent(Ljavafx/event/Event;)Ljavafx/event/Event; (101 bytes) @ 0x00000001171524e4 [0x0000000117152320+0x1c4]
J 1550 C1 com.sun.javafx.event.BasicEventDispatcher.dispatchEvent(Ljavafx/event/Event;Ljavafx/event/EventDispatchChain;)Ljavafx/event/Event; (44 bytes) @ 0x000000011729f49c [0x000000011729f240+0x25c]
J 982 C1 com.sun.javafx.event.EventDispatchChainImpl.dispatchEvent(Ljavafx/event/Event;)Ljavafx/event/Event; (101 bytes) @ 0x00000001171524e4 [0x0000000117152320+0x1c4]
J 1550 C1 com.sun.javafx.event.BasicEventDispatcher.dispatchEvent(Ljavafx/event/Event;Ljavafx/event/EventDispatchChain;)Ljavafx/event/Event; (44 bytes) @ 0x000000011729f49c [0x000000011729f240+0x25c]
J 982 C1 com.sun.javafx.event.EventDispatchChainImpl.dispatchEvent(Ljavafx/event/Event;)Ljavafx/event/Event; (101 bytes) @ 0x00000001171524e4 [0x0000000117152320+0x1c4]
J 1930 C1 com.sun.javafx.event.EventUtil.fireEvent(Ljavafx/event/EventTarget;Ljavafx/event/Event;)Ljavafx/event/Event; (81 bytes) @ 0x000000011736d4ec [0x000000011736c900+0xbec]
J 1929 C1 javafx.event.Event.fireEvent(Ljavafx/event/EventTarget;Ljavafx/event/Event;)V (35 bytes) @ 0x000000011736c264 [0x000000011736c180+0xe4]
j  javafx.scene.Node.fireEvent(Ljavafx/event/Event;)V+86
j  javafx.scene.control.Button.fire()V+15
j  com.sun.javafx.scene.control.behavior.ButtonBehavior.mouseReleased(Ljavafx/scene/input/MouseEvent;)V+23
j  com.sun.javafx.scene.control.skin.BehaviorSkinBase$1.handle(Ljavafx/scene/input/MouseEvent;)V+83
j  com.sun.javafx.scene.control.skin.BehaviorSkinBase$1.handle(Ljavafx/event/Event;)V+5
J 2414 C1 com.sun.javafx.event.CompositeEventHandler$NormalEventHandlerRecord.handleBubblingEvent(Ljavafx/event/Event;)V (11 bytes) @ 0x00000001174af95c [0x00000001174af840+0x11c]
J 2409 C1 com.sun.javafx.event.CompositeEventHandler.dispatchBubblingEvent(Ljavafx/event/Event;)V (57 bytes) @ 0x00000001174ad984 [0x00000001174ad740+0x244]
J 1580 C1 com.sun.javafx.event.EventHandlerManager.dispatchBubblingEvent(Ljavafx/event/Event;)Ljavafx/event/Event; (23 bytes) @ 0x0000000116ec5174 [0x0000000116ec4ae0+0x694]
J 1579 C1 com.sun.javafx.event.CompositeEventDispatcher.dispatchBubblingEvent(Ljavafx/event/Event;)Ljavafx/event/Event; (35 bytes) @ 0x0000000116ec717c [0x0000000116ec6fa0+0x1dc]
J 1550 C1 com.sun.javafx.event.BasicEventDispatcher.dispatchEvent(Ljavafx/event/Event;Ljavafx/event/EventDispatchChain;)Ljavafx/event/Event; (44 bytes) @ 0x000000011729f58c [0x000000011729f240+0x34c]
J 982 C1 com.sun.javafx.event.EventDispatchChainImpl.dispatchEvent(Ljavafx/event/Event;)Ljavafx/event/Event; (101 bytes) @ 0x00000001171524e4 [0x0000000117152320+0x1c4]
J 1550 C1 com.sun.javafx.event.BasicEventDispatcher.dispatchEvent(Ljavafx/event/Event;Ljavafx/event/EventDispatchChain;)Ljavafx/event/Event; (44 bytes) @ 0x000000011729f49c [0x000000011729f240+0x25c]
J 982 C1 com.sun.javafx.event.EventDispatchChainImpl.dispatchEvent(Ljavafx/event/Event;)Ljavafx/event/Event; (101 bytes) @ 0x00000001171524e4 [0x0000000117152320+0x1c4]
J 1550 C1 com.sun.javafx.event.BasicEventDispatcher.dispatchEvent(Ljavafx/event/Event;Ljavafx/event/EventDispatchChain;)Ljavafx/event/Event; (44 bytes) @ 0x000000011729f49c [0x000000011729f240+0x25c]
J 982 C1 com.sun.javafx.event.EventDispatchChainImpl.dispatchEvent(Ljavafx/event/Event;)Ljavafx/event/Event; (101 bytes) @ 0x00000001171524e4 [0x0000000117152320+0x1c4]
J 1930 C1 com.sun.javafx.event.EventUtil.fireEvent(Ljavafx/event/EventTarget;Ljavafx/event/Event;)Ljavafx/event/Event; (81 bytes) @ 0x000000011736d02c [0x000000011736c900+0x72c]
J 1945 C1 javafx.scene.Scene$MouseHandler.process(Ljavafx/scene/input/MouseEvent;Z)V (735 bytes) @ 0x000000011737dce4 [0x000000011737b180+0x2b64]
J 2395 C1 javafx.scene.Scene.impl_processMouseEvent(Ljavafx/scene/input/MouseEvent;)V (10 bytes) @ 0x00000001174a02ec [0x00000001174a0200+0xec]
j  javafx.scene.Scene$ScenePeerListener.mouseEvent(Ljavafx/event/EventType;DDDDLjavafx/scene/input/MouseButton;ZZZZZZZZZ)V+46
j  com.sun.javafx.tk.quantum.GlassViewEventHandler$MouseEventNotification.run()Ljava/lang/Void;+514
j  com.sun.javafx.tk.quantum.GlassViewEventHandler$MouseEventNotification.run()Ljava/lang/Object;+1
v  ~StubRoutines::call_stub
V  [libjvm.dylib+0x2ed9d6]
V  [libjvm.dylib+0x34e114]
J 970  java.security.AccessController.doPrivileged(Ljava/security/PrivilegedAction;Ljava/security/AccessControlContext;)Ljava/lang/Object; (0 bytes) @ 0x000000011714c855 [0x000000011714c780+0xd5]
J 2393 C1 com.sun.javafx.tk.quantum.GlassViewEventHandler$$Lambda$160.get()Ljava/lang/Object; (8 bytes) @ 0x000000011749f2ec [0x000000011749f100+0x1ec]
J 1503 C1 com.sun.javafx.tk.quantum.QuantumToolkit.runWithoutRenderLock(Ljava/util/function/Supplier;)Ljava/lang/Object; (49 bytes) @ 0x000000011727a2fc [0x0000000117279dc0+0x53c]
J 2390 C1 com.sun.javafx.tk.quantum.GlassViewEventHandler.handleMouseEvent(Lcom/sun/glass/ui/View;JIIIIIIIZZ)V (108 bytes) @ 0x000000011749e914 [0x000000011749e4c0+0x454]
J 2332 C1 com.sun.glass.ui.View.notifyMouse(IIIIIIIZZ)V (221 bytes) @ 0x00000001174741dc [0x00000001174730e0+0x10fc]
v  ~StubRoutines::call_stub
V  [libjvm.dylib+0x2ed9d6]
V  [libjvm.dylib+0x324b65]
V  [libjvm.dylib+0x317333]
C  [libglass.dylib+0x2055c]  -[GlassViewDelegate sendJavaMouseEvent:]+0x86c
C  [AppKit+0x18621a]  -[NSWindow(NSEventRouting) _reallySendEvent:isDelayedEvent:]+0x76b
C  [AppKit+0x185867]  -[NSWindow(NSEventRouting) sendEvent:]+0x1de
C  [libglass.dylib+0x25994]  -[GlassWindow_Normal sendEvent:]+0x74
C  [AppKit+0x2504f]  -[NSApplication(NSEvent) sendEvent:]+0x14b
C  [AppKit+0x13874]  -[NSApplication run]+0x2f3
C  [libglass.dylib+0x651c]  -[GlassApplication runLoop:]+0x72c
C  [Foundation+0xb07f2]  __NSThreadPerformPerform+0x148
C  [CoreFoundation+0x58083]  __CFRUNLOOP_IS_CALLING_OUT_TO_A_SOURCE0_PERFORM_FUNCTION__+0x11
C  [CoreFoundation+0x58029]  __CFRunLoopDoSource0+0x6c
C  [CoreFoundation+0x3b9eb]  __CFRunLoopDoSources0+0xc3
C  [CoreFoundation+0x3afb5]  __CFRunLoopRun+0x4a5
C  [CoreFoundation+0x3a8be]  CFRunLoopRunSpecific+0x1c7
C  [java+0x6465]  CreateExecutionEnvironment+0x367
C  [java+0x218c]  JLI_Launch+0x7a0
C  [java+0x84c2]  main+0x65
C  [java+0x19e4]  start+0x34
C  0x0000000000000009

Java frames: (J=compiled Java code, j=interpreted, Vv=VM code)
j  com.intel.bluetooth.BluetoothStackOSX.getLocalDeviceSupportedSoftwareVersion()I+0
j  com.intel.bluetooth.BluetoothStackOSX.initialize()V+101
j  com.intel.bluetooth.BlueCoveImpl.setBluetoothStack(Ljava/lang/String;Lcom/intel/bluetooth/BluetoothStack;)Lcom/intel/bluetooth/BluetoothStack;+290
j  com.intel.bluetooth.BlueCoveImpl.detectStack()Lcom/intel/bluetooth/BluetoothStack;+455
j  com.intel.bluetooth.BlueCoveImpl.access$500(Lcom/intel/bluetooth/BlueCoveImpl;)Lcom/intel/bluetooth/BluetoothStack;+1
j  com.intel.bluetooth.BlueCoveImpl$1.run()Ljava/lang/Object;+4
v  ~StubRoutines::call_stub
j  java.security.AccessController.doPrivileged(Ljava/security/PrivilegedExceptionAction;Ljava/security/AccessControlContext;)Ljava/lang/Object;+0
j  com.intel.bluetooth.BlueCoveImpl.detectStackPrivileged()Lcom/intel/bluetooth/BluetoothStack;+15
j  com.intel.bluetooth.BlueCoveImpl.getBluetoothStack()Lcom/intel/bluetooth/BluetoothStack;+63
j  javax.bluetooth.LocalDevice.getLocalDeviceInstance()Ljavax/bluetooth/LocalDevice;+3
j  javax.bluetooth.LocalDevice.getLocalDevice()Ljavax/bluetooth/LocalDevice;+0
j  BITalino.DeviceDiscoverer.<init>()V+20
j  BITalino.BITalino.findDevices()Ljava/util/Vector;+4
j  telearritmia.FXMLVistaBitalino2Controller.record(Ljavafx/event/ActionEvent;)V+44
v  ~StubRoutines::call_stub
j  sun.reflect.NativeMethodAccessorImpl.invoke0(Ljava/lang/reflect/Method;Ljava/lang/Object;[Ljava/lang/Object;)Ljava/lang/Object;+0
j  sun.reflect.NativeMethodAccessorImpl.invoke(Ljava/lang/Object;[Ljava/lang/Object;)Ljava/lang/Object;+100
J 1715 C1 sun.reflect.DelegatingMethodAccessorImpl.invoke(Ljava/lang/Object;[Ljava/lang/Object;)Ljava/lang/Object; (10 bytes) @ 0x00000001172df06c [0x00000001172def40+0x12c]
J 1319 C1 java.lang.reflect.Method.invoke(Ljava/lang/Object;[Ljava/lang/Object;)Ljava/lang/Object; (62 bytes) @ 0x000000011722420c [0x0000000117223de0+0x42c]
j  sun.reflect.misc.Trampoline.invoke(Ljava/lang/reflect/Method;Ljava/lang/Object;[Ljava/lang/Object;)Ljava/lang/Object;+7
j  sun.reflect.GeneratedMethodAccessor1.invoke(Ljava/lang/Object;[Ljava/lang/Object;)Ljava/lang/Object;+40
J 1715 C1 sun.reflect.DelegatingMethodAccessorImpl.invoke(Ljava/lang/Object;[Ljava/lang/Object;)Ljava/lang/Object; (10 bytes) @ 0x00000001172df06c [0x00000001172def40+0x12c]
J 1319 C1 java.lang.reflect.Method.invoke(Ljava/lang/Object;[Ljava/lang/Object;)Ljava/lang/Object; (62 bytes) @ 0x000000011722420c [0x0000000117223de0+0x42c]
j  sun.reflect.misc.MethodUtil.invoke(Ljava/lang/reflect/Method;Ljava/lang/Object;[Ljava/lang/Object;)Ljava/lang/Object;+20
j  javafx.fxml.FXMLLoader$MethodHandler.invoke([Ljava/lang/Object;)V+19
j  javafx.fxml.FXMLLoader$ControllerMethodEventHandler.handle(Ljavafx/event/Event;)V+12
J 2409 C1 com.sun.javafx.event.CompositeEventHandler.dispatchBubblingEvent(Ljavafx/event/Event;)V (57 bytes) @ 0x00000001174adb24 [0x00000001174ad740+0x3e4]
J 1580 C1 com.sun.javafx.event.EventHandlerManager.dispatchBubblingEvent(Ljavafx/event/Event;)Ljavafx/event/Event; (23 bytes) @ 0x0000000116ec5174 [0x0000000116ec4ae0+0x694]
J 1579 C1 com.sun.javafx.event.CompositeEventDispatcher.dispatchBubblingEvent(Ljavafx/event/Event;)Ljavafx/event/Event; (35 bytes) @ 0x0000000116ec717c [0x0000000116ec6fa0+0x1dc]
J 1550 C1 com.sun.javafx.event.BasicEventDispatcher.dispatchEvent(Ljavafx/event/Event;Ljavafx/event/EventDispatchChain;)Ljavafx/event/Event; (44 bytes) @ 0x000000011729f58c [0x000000011729f240+0x34c]
J 982 C1 com.sun.javafx.event.EventDispatchChainImpl.dispatchEvent(Ljavafx/event/Event;)Ljavafx/event/Event; (101 bytes) @ 0x00000001171524e4 [0x0000000117152320+0x1c4]
J 1550 C1 com.sun.javafx.event.BasicEventDispatcher.dispatchEvent(Ljavafx/event/Event;Ljavafx/event/EventDispatchChain;)Ljavafx/event/Event; (44 bytes) @ 0x000000011729f49c [0x000000011729f240+0x25c]
J 982 C1 com.sun.javafx.event.EventDispatchChainImpl.dispatchEvent(Ljavafx/event/Event;)Ljavafx/event/Event; (101 bytes) @ 0x00000001171524e4 [0x0000000117152320+0x1c4]
J 1550 C1 com.sun.javafx.event.BasicEventDispatcher.dispatchEvent(Ljavafx/event/Event;Ljavafx/event/EventDispatchChain;)Ljavafx/event/Event; (44 bytes) @ 0x000000011729f49c [0x000000011729f240+0x25c]
J 982 C1 com.sun.javafx.event.EventDispatchChainImpl.dispatchEvent(Ljavafx/event/Event;)Ljavafx/event/Event; (101 bytes) @ 0x00000001171524e4 [0x0000000117152320+0x1c4]
J 1930 C1 com.sun.javafx.event.EventUtil.fireEvent(Ljavafx/event/EventTarget;Ljavafx/event/Event;)Ljavafx/event/Event; (81 bytes) @ 0x000000011736d4ec [0x000000011736c900+0xbec]
J 1929 C1 javafx.event.Event.fireEvent(Ljavafx/event/EventTarget;Ljavafx/event/Event;)V (35 bytes) @ 0x000000011736c264 [0x000000011736c180+0xe4]
j  javafx.scene.Node.fireEvent(Ljavafx/event/Event;)V+86
j  javafx.scene.control.Button.fire()V+15
j  com.sun.javafx.scene.control.behavior.ButtonBehavior.mouseReleased(Ljavafx/scene/input/MouseEvent;)V+23
j  com.sun.javafx.scene.control.skin.BehaviorSkinBase$1.handle(Ljavafx/scene/input/MouseEvent;)V+83
j  com.sun.javafx.scene.control.skin.BehaviorSkinBase$1.handle(Ljavafx/event/Event;)V+5
J 2414 C1 com.sun.javafx.event.CompositeEventHandler$NormalEventHandlerRecord.handleBubblingEvent(Ljavafx/event/Event;)V (11 bytes) @ 0x00000001174af95c [0x00000001174af840+0x11c]
J 2409 C1 com.sun.javafx.event.CompositeEventHandler.dispatchBubblingEvent(Ljavafx/event/Event;)V (57 bytes) @ 0x00000001174ad984 [0x00000001174ad740+0x244]
J 1580 C1 com.sun.javafx.event.EventHandlerManager.dispatchBubblingEvent(Ljavafx/event/Event;)Ljavafx/event/Event; (23 bytes) @ 0x0000000116ec5174 [0x0000000116ec4ae0+0x694]
J 1579 C1 com.sun.javafx.event.CompositeEventDispatcher.dispatchBubblingEvent(Ljavafx/event/Event;)Ljavafx/event/Event; (35 bytes) @ 0x0000000116ec717c [0x0000000116ec6fa0+0x1dc]
J 1550 C1 com.sun.javafx.event.BasicEventDispatcher.dispatchEvent(Ljavafx/event/Event;Ljavafx/event/EventDispatchChain;)Ljavafx/event/Event; (44 bytes) @ 0x000000011729f58c [0x000000011729f240+0x34c]
J 982 C1 com.sun.javafx.event.EventDispatchChainImpl.dispatchEvent(Ljavafx/event/Event;)Ljavafx/event/Event; (101 bytes) @ 0x00000001171524e4 [0x0000000117152320+0x1c4]
J 1550 C1 com.sun.javafx.event.BasicEventDispatcher.dispatchEvent(Ljavafx/event/Event;Ljavafx/event/EventDispatchChain;)Ljavafx/event/Event; (44 bytes) @ 0x000000011729f49c [0x000000011729f240+0x25c]
J 982 C1 com.sun.javafx.event.EventDispatchChainImpl.dispatchEvent(Ljavafx/event/Event;)Ljavafx/event/Event; (101 bytes) @ 0x00000001171524e4 [0x0000000117152320+0x1c4]
J 1550 C1 com.sun.javafx.event.BasicEventDispatcher.dispatchEvent(Ljavafx/event/Event;Ljavafx/event/EventDispatchChain;)Ljavafx/event/Event; (44 bytes) @ 0x000000011729f49c [0x000000011729f240+0x25c]
J 982 C1 com.sun.javafx.event.EventDispatchChainImpl.dispatchEvent(Ljavafx/event/Event;)Ljavafx/event/Event; (101 bytes) @ 0x00000001171524e4 [0x0000000117152320+0x1c4]
J 1930 C1 com.sun.javafx.event.EventUtil.fireEvent(Ljavafx/event/EventTarget;Ljavafx/event/Event;)Ljavafx/event/Event; (81 bytes) @ 0x000000011736d02c [0x000000011736c900+0x72c]
J 1945 C1 javafx.scene.Scene$MouseHandler.process(Ljavafx/scene/input/MouseEvent;Z)V (735 bytes) @ 0x000000011737dce4 [0x000000011737b180+0x2b64]
J 2395 C1 javafx.scene.Scene.impl_processMouseEvent(Ljavafx/scene/input/MouseEvent;)V (10 bytes) @ 0x00000001174a02ec [0x00000001174a0200+0xec]
j  javafx.scene.Scene$ScenePeerListener.mouseEvent(Ljavafx/event/EventType;DDDDLjavafx/scene/input/MouseButton;ZZZZZZZZZ)V+46
j  com.sun.javafx.tk.quantum.GlassViewEventHandler$MouseEventNotification.run()Ljava/lang/Void;+514
j  com.sun.javafx.tk.quantum.GlassViewEventHandler$MouseEventNotification.run()Ljava/lang/Object;+1
v  ~StubRoutines::call_stub
J 970  java.security.AccessController.doPrivileged(Ljava/security/PrivilegedAction;Ljava/security/AccessControlContext;)Ljava/lang/Object; (0 bytes) @ 0x000000011714c7e3 [0x000000011714c780+0x63]
J 2393 C1 com.sun.javafx.tk.quantum.GlassViewEventHandler$$Lambda$160.get()Ljava/lang/Object; (8 bytes) @ 0x000000011749f2ec [0x000000011749f100+0x1ec]
J 1503 C1 com.sun.javafx.tk.quantum.QuantumToolkit.runWithoutRenderLock(Ljava/util/function/Supplier;)Ljava/lang/Object; (49 bytes) @ 0x000000011727a2fc [0x0000000117279dc0+0x53c]
J 2390 C1 com.sun.javafx.tk.quantum.GlassViewEventHandler.handleMouseEvent(Lcom/sun/glass/ui/View;JIIIIIIIZZ)V (108 bytes) @ 0x000000011749e914 [0x000000011749e4c0+0x454]
J 2332 C1 com.sun.glass.ui.View.notifyMouse(IIIIIIIZZ)V (221 bytes) @ 0x00000001174741dc [0x00000001174730e0+0x10fc]
v  ~StubRoutines::call_stub

---------------  P R O C E S S  ---------------

Java Threads: ( => current thread )
  0x00007fd219965000 JavaThread "FX Access Thread (Visual Debugger)" daemon [_thread_blocked, id=52491, stack(0x000070001098f000,0x0000700010a8f000)]
  0x00007fd219176000 JavaThread "Prism Font Disposer" daemon [_thread_blocked, id=48947, stack(0x0000700010809000,0x0000700010909000)]
  0x00007fd219254000 JavaThread "JavaFX-Launcher" [_thread_blocked, id=81419, stack(0x0000700010706000,0x0000700010806000)]
  0x00007fd2188cc000 JavaThread "Thread-3" daemon [_thread_in_native, id=28419, stack(0x0000700010600000,0x0000700010680000)]
=>0x00007fd2198fb000 JavaThread "JavaFX Application Thread" [_thread_in_native, id=775, stack(0x00007ffee0aef000,0x00007ffee12ef000)]
  0x00007fd21921c000 JavaThread "Thread-1" daemon [_thread_blocked, id=39683, stack(0x00007000103f7000,0x00007000104f7000)]
  0x00007fd2190ae800 JavaThread "QuantumRenderer-0" daemon [_thread_blocked, id=17411, stack(0x00007000102f4000,0x00007000103f4000)]
  0x00007fd219044800 JavaThread "Service Thread" daemon [_thread_blocked, id=15875, stack(0x00007000100ee000,0x00007000101ee000)]
  0x00007fd218824000 JavaThread "C1 CompilerThread2" daemon [_thread_blocked, id=15619, stack(0x000070000ffeb000,0x00007000100eb000)]
  0x00007fd218032800 JavaThread "C2 CompilerThread1" daemon [_thread_blocked, id=18179, stack(0x000070000fee8000,0x000070000ffe8000)]
  0x00007fd218030800 JavaThread "C2 CompilerThread0" daemon [_thread_blocked, id=15107, stack(0x000070000fde5000,0x000070000fee5000)]
  0x00007fd218823800 JavaThread "JDWP Command Reader" daemon [_thread_in_native, id=14851, stack(0x000070000fce2000,0x000070000fde2000)]
  0x00007fd218822800 JavaThread "JDWP Event Helper Thread" daemon [_thread_blocked, id=14339, stack(0x000070000fbdf000,0x000070000fcdf000)]
  0x00007fd219813000 JavaThread "JDWP Transport Listener: dt_socket" daemon [_thread_blocked, id=18951, stack(0x000070000fadc000,0x000070000fbdc000)]
  0x00007fd21802f800 JavaThread "Signal Dispatcher" daemon [_thread_blocked, id=19203, stack(0x000070000f9d9000,0x000070000fad9000)]
  0x00007fd21801b800 JavaThread "Finalizer" daemon [_thread_blocked, id=20483, stack(0x000070000f8d6000,0x000070000f9d6000)]
  0x00007fd218018800 JavaThread "Reference Handler" daemon [_thread_blocked, id=11779, stack(0x000070000f7d3000,0x000070000f8d3000)]
  0x00007fd219002800 JavaThread "main" [_thread_blocked, id=6147, stack(0x000070000f1c1000,0x000070000f2c1000)]

Other Threads:
  0x00007fd218007800 VMThread [stack: 0x000070000f6d0000,0x000070000f7d0000] [id=20739]
  0x00007fd21801d000 WatcherThread [stack: 0x00007000101f1000,0x00007000102f1000] [id=16387]

VM state:not at safepoint (normal execution)

VM Mutex/Monitor currently owned by a thread: None

Heap:
 PSYoungGen      total 38400K, used 23234K [0x0000000795580000, 0x0000000798000000, 0x00000007c0000000)
  eden space 33280K, 54% used [0x0000000795580000,0x0000000796733fb8,0x0000000797600000)
  from space 5120K, 99% used [0x0000000797600000,0x0000000797afcaf0,0x0000000797b00000)
  to   space 5120K, 0% used [0x0000000797b00000,0x0000000797b00000,0x0000000798000000)
 ParOldGen       total 87552K, used 366K [0x0000000740000000, 0x0000000745580000, 0x0000000795580000)
  object space 87552K, 0% used [0x0000000740000000,0x000000074005bb00,0x0000000745580000)
 Metaspace       used 17884K, capacity 18814K, committed 18944K, reserved 1064960K
  class space    used 2531K, capacity 2762K, committed 2816K, reserved 1048576K

Card table byte_map: [0x00000001105c0000,0x00000001109c1000] byte_map_base: 0x000000010cbc0000

Marking Bits: (ParMarkBitMap*) 0x000000010f267d30
 Begin Bits: [0x0000000110c6c000, 0x0000000112c6c000)
 End Bits:   [0x0000000112c6c000, 0x0000000114c6c000)

Polling page: 0x000000010f95c000

CodeCache: size=245760Kb used=7140Kb max_used=7140Kb free=238619Kb
 bounds [0x0000000116db8000, 0x00000001174b8000, 0x0000000125db8000]
 total_blobs=2991 nmethods=2338 adapters=573
 compilation: enabled

Compilation events (10 events):
Event: 30.338 Thread 0x00007fd218824000 2426       3       com.sun.javafx.geom.RectBounds::setMinX (6 bytes)
Event: 30.338 Thread 0x00007fd218824000 nmethod 2426 0x00000001174b4690 code [0x00000001174b47e0, 0x00000001174b4930]
Event: 30.338 Thread 0x00007fd218824000 2427       3       com.sun.javafx.geom.RectBounds::setMaxX (6 bytes)
Event: 30.338 Thread 0x00007fd218824000 nmethod 2427 0x00000001174b4350 code [0x00000001174b44a0, 0x00000001174b45f0]
Event: 30.338 Thread 0x00007fd218824000 2424       1       java.nio.DirectFloatBufferU::isDirect (2 bytes)
Event: 30.338 Thread 0x00007fd218824000 nmethod 2424 0x00000001174b0050 code [0x00000001174b01a0, 0x00000001174b02b0]
Event: 30.338 Thread 0x00007fd218824000 2430       1       com.sun.prism.paint.Gradient::getGradientTransformNoClone (5 bytes)
Event: 30.338 Thread 0x00007fd218824000 nmethod 2430 0x00000001174b4090 code [0x00000001174b41e0, 0x00000001174b42f0]
Event: 32.503 Thread 0x00007fd218824000 2431       3       org.netbeans.modules.debugger.jpda.visual.remote.RemoteFXService::access$400 (4 bytes)
Event: 32.503 Thread 0x00007fd218824000 nmethod 2431 0x00000001174b3d90 code [0x00000001174b3ee0, 0x00000001174b4030]

GC Heap History (2 events):
Event: 7.122 GC heap before
{Heap before GC invocations=1 (full 0):
 PSYoungGen      total 38400K, used 33280K [0x0000000795580000, 0x0000000798000000, 0x00000007c0000000)
  eden space 33280K, 100% used [0x0000000795580000,0x0000000797600000,0x0000000797600000)
  from space 5120K, 0% used [0x0000000797b00000,0x0000000797b00000,0x0000000798000000)
  to   space 5120K, 0% used [0x0000000797600000,0x0000000797600000,0x0000000797b00000)
 ParOldGen       total 87552K, used 0K [0x0000000740000000, 0x0000000745580000, 0x0000000795580000)
  object space 87552K, 0% used [0x0000000740000000,0x0000000740000000,0x0000000745580000)
 Metaspace       used 14771K, capacity 15470K, committed 15616K, reserved 1062912K
  class space    used 2010K, capacity 2209K, committed 2304K, reserved 1048576K
Event: 7.139 GC heap after
Heap after GC invocations=1 (full 0):
 PSYoungGen      total 38400K, used 5106K [0x0000000795580000, 0x0000000798000000, 0x00000007c0000000)
  eden space 33280K, 0% used [0x0000000795580000,0x0000000795580000,0x0000000797600000)
  from space 5120K, 99% used [0x0000000797600000,0x0000000797afcaf0,0x0000000797b00000)
  to   space 5120K, 0% used [0x0000000797b00000,0x0000000797b00000,0x0000000798000000)
 ParOldGen       total 87552K, used 366K [0x0000000740000000, 0x0000000745580000, 0x0000000795580000)
  object space 87552K, 0% used [0x0000000740000000,0x000000074005bb00,0x0000000745580000)
 Metaspace       used 14771K, capacity 15470K, committed 15616K, reserved 1062912K
  class space    used 2010K, capacity 2209K, committed 2304K, reserved 1048576K
}

Deoptimization events (10 events):
Event: 5.672 Thread 0x00007fd2198fb000 Uncommon trap: reason=class_check action=maybe_recompile pc=0x0000000116ed4604 method=java.lang.String.equals(Ljava/lang/Object;)Z @ 8
Event: 5.678 Thread 0x00007fd2198fb000 Uncommon trap: reason=class_check action=maybe_recompile pc=0x0000000116ed4604 method=java.lang.String.equals(Ljava/lang/Object;)Z @ 8
Event: 6.005 Thread 0x00007fd2198fb000 Uncommon trap: reason=unstable_if action=reinterpret pc=0x000000011701aca0 method=java.lang.CharacterData.of(I)Ljava/lang/CharacterData; @ 4
Event: 6.314 Thread 0x00007fd2190ae800 Uncommon trap: reason=unstable_if action=reinterpret pc=0x00000001170ab8f8 method=sun.net.www.ParseUtil.encodePath(Ljava/lang/String;Z)Ljava/lang/String; @ 109
Event: 6.917 Thread 0x00007fd2198fb000 Uncommon trap: reason=unstable_if action=reinterpret pc=0x00000001170be07c method=jdk.internal.org.objectweb.asm.Type.getArgumentsAndReturnSizes(Ljava/lang/String;)I @ 47
Event: 7.182 Thread 0x00007fd2198fb000 Uncommon trap: reason=unstable_if action=reinterpret pc=0x000000011704218c method=java.util.HashMap.hash(Ljava/lang/Object;)I @ 1
Event: 7.182 Thread 0x00007fd2198fb000 Uncommon trap: reason=unstable_if action=reinterpret pc=0x0000000117115870 method=java.util.HashMap.hash(Ljava/lang/Object;)I @ 1
Event: 7.184 Thread 0x00007fd2198fb000 Uncommon trap: reason=unstable_if action=reinterpret pc=0x0000000117129a2c method=java.util.HashMap.hash(Ljava/lang/Object;)I @ 1
Event: 7.282 Thread 0x00007fd2198fb000 Uncommon trap: reason=unstable_if action=reinterpret pc=0x000000011707d204 method=java.lang.String.indexOf([CII[CIII)I @ 3
Event: 9.803 Thread 0x00007fd2198fb000 Uncommon trap: reason=unstable_if action=reinterpret pc=0x0000000117250bbc method=javafx.scene.CssStyleHelper.getStyle(Ljavafx/css/Styleable;Ljava/lang/String;Lcom/sun/javafx/css/StyleMap;Ljava/util/Set;)Lcom/sun/javafx/css/CascadingStyle; @ 1

Internal exceptions (10 events):
Event: 4.792 Thread 0x00007fd2198fb000 Exception <a 'java/lang/ArrayIndexOutOfBoundsException': 86> (0x00000007964373d0) thrown at [/Users/java_re/workspace/8-2-build-macosx-x86_64/jdk8u121/8372/hotspot/src/share/vm/interpreter/interpreterRuntime.cpp, line 366]
Event: 5.130 Thread 0x00007fd2198fb000 Exception <a 'java/lang/ArrayIndexOutOfBoundsException'> (0x0000000796783228) thrown at [/Users/java_re/workspace/8-2-build-macosx-x86_64/jdk8u121/8372/hotspot/src/share/vm/runtime/sharedRuntime.cpp, line 605]
Event: 5.182 Thread 0x00007fd2198fb000 Exception <a 'java/lang/ArrayIndexOutOfBoundsException'> (0x000000079678c2f8) thrown at [/Users/java_re/workspace/8-2-build-macosx-x86_64/jdk8u121/8372/hotspot/src/share/vm/runtime/sharedRuntime.cpp, line 605]
Event: 7.182 Thread 0x00007fd2198fb000 Implicit null exception at 0x0000000117041ef4 to 0x0000000117042181
Event: 7.182 Thread 0x00007fd2198fb000 Implicit null exception at 0x00000001171157d8 to 0x0000000117115866
Event: 7.184 Thread 0x00007fd2198fb000 Implicit null exception at 0x00000001171299af to 0x0000000117129a1d
Event: 9.745 Thread 0x00007fd2198fb000 Exception <a 'java/lang/ArrayIndexOutOfBoundsException'> (0x0000000795e1b398) thrown at [/Users/java_re/workspace/8-2-build-macosx-x86_64/jdk8u121/8372/hotspot/src/share/vm/runtime/sharedRuntime.cpp, line 605]
Event: 9.803 Thread 0x00007fd2198fb000 Implicit null exception at 0x000000011724fae7 to 0x0000000117250ba5
Event: 71.949 Thread 0x00007fd2198fb000 Exception <a 'java/lang/NoClassDefFoundError': org/apache/log4j/Category> (0x00000007966a5680) thrown at [/Users/java_re/workspace/8-2-build-macosx-x86_64/jdk8u121/8372/hotspot/src/share/vm/classfile/systemDictionary.cpp, line 199]
Event: 71.991 Thread 0x00007fd2198fb000 Exception <a 'java/lang/UnsatisfiedLinkError': com.intel.bluetooth.BluetoothStackOSX.isNativeCodeLoaded()Z> (0x00000007966e2658) thrown at [/Users/java_re/workspace/8-2-build-macosx-x86_64/jdk8u121/8372/hotspot/src/share/vm/prims/nativeLookup.cpp, line 37

Events (10 events):
Event: 71.993 loading class com/intel/bluetooth/NativeLibLoader$LibState
Event: 71.993 loading class com/intel/bluetooth/NativeLibLoader$LibState done
Event: 71.995 loading class java/util/zip/ZipUtils
Event: 71.995 loading class java/util/zip/ZipUtils done
Event: 71.995 loading class java/nio/file/attribute/FileTime
Event: 71.996 loading class java/nio/file/attribute/FileTime done
Event: 72.001 loading class java/io/DeleteOnExitHook
Event: 72.001 loading class java/io/DeleteOnExitHook done
Event: 72.002 loading class java/io/DeleteOnExitHook$1
Event: 72.002 loading class java/io/DeleteOnExitHook$1 done


Dynamic libraries:
0x00000000123ba000 	/System/Library/Frameworks/Cocoa.framework/Versions/A/Cocoa
0x00000000123ba000 	/System/Library/Frameworks/Security.framework/Versions/A/Security
0x00000000123ba000 	/System/Library/Frameworks/ApplicationServices.framework/Versions/A/ApplicationServices
0x00000000123ba000 	/usr/lib/libz.1.dylib
0x00000000123ba000 	/usr/lib/libSystem.B.dylib
0x00000000123ba000 	/usr/lib/libobjc.A.dylib
0x00000000123ba000 	/System/Library/Frameworks/CoreFoundation.framework/Versions/A/CoreFoundation
0x00000000123ba000 	/System/Library/Frameworks/Foundation.framework/Versions/C/Foundation
0x00000000123ba000 	/System/Library/Frameworks/AppKit.framework/Versions/C/AppKit
0x00000000123ba000 	/System/Library/Frameworks/CoreData.framework/Versions/A/CoreData
0x00000000123ba000 	/System/Library/PrivateFrameworks/RemoteViewServices.framework/Versions/A/RemoteViewServices
0x00000000123ba000 	/System/Library/PrivateFrameworks/UIFoundation.framework/Versions/A/UIFoundation
0x00000000123ba000 	/System/Library/PrivateFrameworks/XCTTargetBootstrap.framework/Versions/A/XCTTargetBootstrap
0x00000000123ba000 	/System/Library/Frameworks/CoreDisplay.framework/Versions/A/CoreDisplay
0x00000000123ba000 	/System/Library/PrivateFrameworks/IconServices.framework/Versions/A/IconServices
0x00000000123ba000 	/System/Library/Frameworks/Metal.framework/Versions/A/Metal
0x00000000123ba000 	/System/Library/PrivateFrameworks/DesktopServicesPriv.framework/Versions/A/DesktopServicesPriv
0x00000000123ba000 	/usr/lib/libenergytrace.dylib
0x00000000123ba000 	/System/Library/PrivateFrameworks/SkyLight.framework/Versions/A/SkyLight
0x00000000123ba000 	/System/Library/Frameworks/CoreGraphics.framework/Versions/A/CoreGraphics
0x00000000123ba000 	/System/Library/Frameworks/Accelerate.framework/Versions/A/Accelerate
0x00000000123ba000 	/System/Library/Frameworks/IOSurface.framework/Versions/A/IOSurface
0x00000000123ba000 	/System/Library/PrivateFrameworks/DFRFoundation.framework/Versions/A/DFRFoundation
0x00000000123ba000 	/System/Library/Frameworks/AudioToolbox.framework/Versions/A/AudioToolbox
0x00000000123ba000 	/System/Library/Frameworks/AudioUnit.framework/Versions/A/AudioUnit
0x00000000123ba000 	/System/Library/PrivateFrameworks/DataDetectorsCore.framework/Versions/A/DataDetectorsCore
0x00000000123ba000 	/System/Library/Frameworks/Carbon.framework/Versions/A/Frameworks/HIToolbox.framework/Versions/A/HIToolbox
0x00000000123ba000 	/usr/lib/libicucore.A.dylib
0x00000000123ba000 	/System/Library/Frameworks/QuartzCore.framework/Versions/A/QuartzCore
0x00000000123ba000 	/System/Library/Frameworks/Carbon.framework/Versions/A/Frameworks/SpeechRecognition.framework/Versions/A/SpeechRecognition
0x00000000123ba000 	/usr/lib/libauto.dylib
0x00000000123ba000 	/usr/lib/libxml2.2.dylib
0x00000000123ba000 	/System/Library/PrivateFrameworks/CoreUI.framework/Versions/A/CoreUI
0x00000000123ba000 	/System/Library/Frameworks/CoreAudio.framework/Versions/A/CoreAudio
0x00000000123ba000 	/System/Library/Frameworks/DiskArbitration.framework/Versions/A/DiskArbitration
0x00000000123ba000 	/usr/lib/liblangid.dylib
0x00000000123ba000 	/System/Library/PrivateFrameworks/MultitouchSupport.framework/Versions/A/MultitouchSupport
0x00000000123ba000 	/System/Library/Frameworks/IOKit.framework/Versions/A/IOKit
0x00000000123ba000 	/usr/lib/libDiagnosticMessagesClient.dylib
0x00000000123ba000 	/System/Library/Frameworks/CoreServices.framework/Versions/A/CoreServices
0x00000000123ba000 	/System/Library/PrivateFrameworks/PerformanceAnalysis.framework/Versions/A/PerformanceAnalysis
0x00000000123ba000 	/System/Library/Frameworks/OpenGL.framework/Versions/A/OpenGL
0x00000000123ba000 	/System/Library/Frameworks/ColorSync.framework/Versions/A/ColorSync
0x00000000123ba000 	/System/Library/Frameworks/CoreImage.framework/Versions/A/CoreImage
0x00000000123ba000 	/System/Library/Frameworks/CoreText.framework/Versions/A/CoreText
0x00000000123ba000 	/System/Library/Frameworks/ImageIO.framework/Versions/A/ImageIO
0x00000000123ba000 	/System/Library/PrivateFrameworks/Backup.framework/Versions/A/Backup
0x00000000123ba000 	/usr/lib/libarchive.2.dylib
0x00000000123ba000 	/System/Library/Frameworks/CFNetwork.framework/Versions/A/CFNetwork
0x00000000123ba000 	/System/Library/Frameworks/SystemConfiguration.framework/Versions/A/SystemConfiguration
0x00000000123ba000 	/usr/lib/libCRFSuite.dylib
0x00000000123ba000 	/usr/lib/libc++.1.dylib
0x00000000123ba000 	/usr/lib/libc++abi.dylib
0x00000000123ba000 	/usr/lib/system/libcache.dylib
0x00000000123ba000 	/usr/lib/system/libcommonCrypto.dylib
0x00000000123ba000 	/usr/lib/system/libcompiler_rt.dylib
0x00000000123ba000 	/usr/lib/system/libcopyfile.dylib
0x00000000123ba000 	/usr/lib/system/libcorecrypto.dylib
0x00000000123ba000 	/usr/lib/system/libdispatch.dylib
0x00000000123ba000 	/usr/lib/system/libdyld.dylib
0x00000000123ba000 	/usr/lib/system/libkeymgr.dylib
0x00000000123ba000 	/usr/lib/system/liblaunch.dylib
0x00000000123ba000 	/usr/lib/system/libmacho.dylib
0x00000000123ba000 	/usr/lib/system/libquarantine.dylib
0x00000000123ba000 	/usr/lib/system/libremovefile.dylib
0x00000000123ba000 	/usr/lib/system/libsystem_asl.dylib
0x00000000123ba000 	/usr/lib/system/libsystem_blocks.dylib
0x00000000123ba000 	/usr/lib/system/libsystem_c.dylib
0x00000000123ba000 	/usr/lib/system/libsystem_configuration.dylib
0x00000000123ba000 	/usr/lib/system/libsystem_coreservices.dylib
0x00000000123ba000 	/usr/lib/system/libsystem_darwin.dylib
0x00000000123ba000 	/usr/lib/system/libsystem_dnssd.dylib
0x00000000123ba000 	/usr/lib/system/libsystem_info.dylib
0x00000000123ba000 	/usr/lib/system/libsystem_m.dylib
0x00000000123ba000 	/usr/lib/system/libsystem_malloc.dylib
0x00000000123ba000 	/usr/lib/system/libsystem_networkextension.dylib
0x00000000123ba000 	/usr/lib/system/libsystem_notify.dylib
0x00000000123ba000 	/usr/lib/system/libsystem_sandbox.dylib
0x00000000123ba000 	/usr/lib/system/libsystem_secinit.dylib
0x00000000123ba000 	/usr/lib/system/libsystem_kernel.dylib
0x00000000123ba000 	/usr/lib/system/libsystem_platform.dylib
0x00000000123ba000 	/usr/lib/system/libsystem_pthread.dylib
0x00000000123ba000 	/usr/lib/system/libsystem_symptoms.dylib
0x00000000123ba000 	/usr/lib/system/libsystem_trace.dylib
0x00000000123ba000 	/usr/lib/system/libunwind.dylib
0x00000000123ba000 	/usr/lib/system/libxpc.dylib
0x00000000123ba000 	/usr/lib/libbsm.0.dylib
0x00000000123ba000 	/usr/lib/system/libkxld.dylib
0x00000000123ba000 	/System/Library/PrivateFrameworks/AppleFSCompression.framework/Versions/A/AppleFSCompression
0x00000000123ba000 	/usr/lib/libOpenScriptingUtil.dylib
0x00000000123ba000 	/usr/lib/libcoretls.dylib
0x00000000123ba000 	/usr/lib/libcoretls_cfhelpers.dylib
0x00000000123ba000 	/usr/lib/libpam.2.dylib
0x00000000123ba000 	/usr/lib/libsqlite3.dylib
0x00000000123ba000 	/usr/lib/libxar.1.dylib
0x00000000123ba000 	/usr/lib/libbz2.1.0.dylib
0x00000000123ba000 	/usr/lib/liblzma.5.dylib
0x00000000123ba000 	/usr/lib/libnetwork.dylib
0x00000000123ba000 	/usr/lib/libapple_nghttp2.dylib
0x00000000123ba000 	/usr/lib/libpcap.A.dylib
0x00000000123ba000 	/System/Library/Frameworks/CoreServices.framework/Versions/A/Frameworks/FSEvents.framework/Versions/A/FSEvents
0x00000000123ba000 	/System/Library/Frameworks/CoreServices.framework/Versions/A/Frameworks/CarbonCore.framework/Versions/A/CarbonCore
0x00000000123ba000 	/System/Library/Frameworks/CoreServices.framework/Versions/A/Frameworks/Metadata.framework/Versions/A/Metadata
0x00000000123ba000 	/System/Library/Frameworks/CoreServices.framework/Versions/A/Frameworks/OSServices.framework/Versions/A/OSServices
0x00000000123ba000 	/System/Library/Frameworks/CoreServices.framework/Versions/A/Frameworks/SearchKit.framework/Versions/A/SearchKit
0x00000000123ba000 	/System/Library/Frameworks/CoreServices.framework/Versions/A/Frameworks/AE.framework/Versions/A/AE
0x00000000123ba000 	/System/Library/Frameworks/CoreServices.framework/Versions/A/Frameworks/LaunchServices.framework/Versions/A/LaunchServices
0x00000000123ba000 	/System/Library/Frameworks/CoreServices.framework/Versions/A/Frameworks/DictionaryServices.framework/Versions/A/DictionaryServices
0x00000000123ba000 	/System/Library/Frameworks/CoreServices.framework/Versions/A/Frameworks/SharedFileList.framework/Versions/A/SharedFileList
0x00000000123ba000 	/System/Library/Frameworks/NetFS.framework/Versions/A/NetFS
0x00000000123ba000 	/System/Library/PrivateFrameworks/NetAuth.framework/Versions/A/NetAuth
0x00000000123ba000 	/System/Library/PrivateFrameworks/login.framework/Versions/A/Frameworks/loginsupport.framework/Versions/A/loginsupport
0x00000000123ba000 	/System/Library/PrivateFrameworks/TCC.framework/Versions/A/TCC
0x00000000123ba000 	/System/Library/PrivateFrameworks/CoreNLP.framework/Versions/A/CoreNLP
0x00000000123ba000 	/System/Library/PrivateFrameworks/MetadataUtilities.framework/Versions/A/MetadataUtilities
0x00000000123ba000 	/usr/lib/libmecabra.dylib
0x00000000123ba000 	/System/Library/Frameworks/ApplicationServices.framework/Versions/A/Frameworks/ATS.framework/Versions/A/ATS
0x00000000123ba000 	/System/Library/Frameworks/ApplicationServices.framework/Versions/A/Frameworks/ColorSyncLegacy.framework/Versions/A/ColorSyncLegacy
0x00000000123ba000 	/System/Library/Frameworks/ApplicationServices.framework/Versions/A/Frameworks/HIServices.framework/Versions/A/HIServices
0x00000000123ba000 	/System/Library/Frameworks/ApplicationServices.framework/Versions/A/Frameworks/LangAnalysis.framework/Versions/A/LangAnalysis
0x00000000123ba000 	/System/Library/Frameworks/ApplicationServices.framework/Versions/A/Frameworks/PrintCore.framework/Versions/A/PrintCore
0x00000000123ba000 	/System/Library/Frameworks/ApplicationServices.framework/Versions/A/Frameworks/QD.framework/Versions/A/QD
0x00000000123ba000 	/System/Library/Frameworks/ApplicationServices.framework/Versions/A/Frameworks/SpeechSynthesis.framework/Versions/A/SpeechSynthesis
0x00000000123ba000 	/usr/lib/libcompression.dylib
0x00000000123ba000 	/System/Library/Frameworks/MetalPerformanceShaders.framework/Versions/A/MetalPerformanceShaders
0x00000000123ba000 	/System/Library/Frameworks/Accelerate.framework/Versions/A/Frameworks/vImage.framework/Versions/A/vImage
0x00000000123ba000 	/System/Library/Frameworks/Accelerate.framework/Versions/A/Frameworks/vecLib.framework/Versions/A/vecLib
0x00000000123ba000 	/System/Library/Frameworks/Accelerate.framework/Versions/A/Frameworks/vecLib.framework/Versions/A/libvMisc.dylib
0x00000000123ba000 	/System/Library/Frameworks/Accelerate.framework/Versions/A/Frameworks/vecLib.framework/Versions/A/libvDSP.dylib
0x00000000123ba000 	/System/Library/Frameworks/Accelerate.framework/Versions/A/Frameworks/vecLib.framework/Versions/A/libBLAS.dylib
0x00000000123ba000 	/System/Library/Frameworks/Accelerate.framework/Versions/A/Frameworks/vecLib.framework/Versions/A/libLAPACK.dylib
0x00000000123ba000 	/System/Library/Frameworks/Accelerate.framework/Versions/A/Frameworks/vecLib.framework/Versions/A/libLinearAlgebra.dylib
0x00000000123ba000 	/System/Library/Frameworks/Accelerate.framework/Versions/A/Frameworks/vecLib.framework/Versions/A/libSparseBLAS.dylib
0x00000000123ba000 	/System/Library/Frameworks/Accelerate.framework/Versions/A/Frameworks/vecLib.framework/Versions/A/libQuadrature.dylib
0x00000000123ba000 	/System/Library/Frameworks/Accelerate.framework/Versions/A/Frameworks/vecLib.framework/Versions/A/libBNNS.dylib
0x00000000123ba000 	/System/Library/Frameworks/Accelerate.framework/Versions/A/Frameworks/vecLib.framework/Versions/A/libSparse.dylib
0x00000000123ba000 	/System/Library/PrivateFrameworks/GPUWrangler.framework/Versions/A/GPUWrangler
0x00000000123ba000 	/System/Library/PrivateFrameworks/IOAccelerator.framework/Versions/A/IOAccelerator
0x00000000123ba000 	/System/Library/PrivateFrameworks/IOPresentment.framework/Versions/A/IOPresentment
0x00000000123ba000 	/System/Library/PrivateFrameworks/DSExternalDisplay.framework/Versions/A/DSExternalDisplay
0x00000000123ba000 	/System/Library/Frameworks/OpenGL.framework/Versions/A/Libraries/libCoreFSCache.dylib
0x00000000123ba000 	/System/Library/Frameworks/MetalPerformanceShaders.framework/Frameworks/MPSCore.framework/Versions/A/MPSCore
0x00000000123ba000 	/System/Library/Frameworks/MetalPerformanceShaders.framework/Frameworks/MPSImage.framework/Versions/A/MPSImage
0x00000000123ba000 	/System/Library/Frameworks/MetalPerformanceShaders.framework/Frameworks/MPSNeuralNetwork.framework/Versions/A/MPSNeuralNetwork
0x00000000123ba000 	/System/Library/Frameworks/MetalPerformanceShaders.framework/Frameworks/MPSMatrix.framework/Versions/A/MPSMatrix
0x00000000123ba000 	/System/Library/Frameworks/MetalPerformanceShaders.framework/Frameworks/MPSRayIntersector.framework/Versions/A/MPSRayIntersector
0x00000000123ba000 	/System/Library/PrivateFrameworks/MetalTools.framework/Versions/A/MetalTools
0x00000000123ba000 	/System/Library/PrivateFrameworks/AggregateDictionary.framework/Versions/A/AggregateDictionary
0x00000000123ba000 	/usr/lib/libMobileGestalt.dylib
0x00000000123ba000 	/System/Library/Frameworks/CoreVideo.framework/Versions/A/CoreVideo
0x00000000123ba000 	/System/Library/PrivateFrameworks/GraphVisualizer.framework/Versions/A/GraphVisualizer
0x00000000123ba000 	/System/Library/PrivateFrameworks/FaceCore.framework/Versions/A/FaceCore
0x00000000123ba000 	/System/Library/Frameworks/OpenCL.framework/Versions/A/OpenCL
0x00000000123ba000 	/usr/lib/libFosl_dynamic.dylib
0x00000000123ba000 	/System/Library/PrivateFrameworks/OTSVG.framework/Versions/A/OTSVG
0x00000000123ba000 	/System/Library/Frameworks/ApplicationServices.framework/Versions/A/Frameworks/ATS.framework/Versions/A/Resources/libFontParser.dylib
0x00000000123ba000 	/System/Library/Frameworks/ApplicationServices.framework/Versions/A/Frameworks/ATS.framework/Versions/A/Resources/libFontRegistry.dylib
0x00000000123ba000 	/System/Library/Frameworks/ImageIO.framework/Versions/A/Resources/libJPEG.dylib
0x00000000123ba000 	/System/Library/Frameworks/ImageIO.framework/Versions/A/Resources/libTIFF.dylib
0x00000000123ba000 	/System/Library/Frameworks/ImageIO.framework/Versions/A/Resources/libPng.dylib
0x00000000123ba000 	/System/Library/Frameworks/ImageIO.framework/Versions/A/Resources/libGIF.dylib
0x00000000123ba000 	/System/Library/Frameworks/ImageIO.framework/Versions/A/Resources/libJP2.dylib
0x00000000123ba000 	/System/Library/Frameworks/ImageIO.framework/Versions/A/Resources/libRadiance.dylib
0x00000000123ba000 	/System/Library/PrivateFrameworks/AppleJPEG.framework/Versions/A/AppleJPEG
0x00000000123ba000 	/System/Library/Frameworks/OpenGL.framework/Versions/A/Libraries/libGFXShared.dylib
0x00000000123ba000 	/System/Library/Frameworks/OpenGL.framework/Versions/A/Libraries/libGLU.dylib
0x00000000123ba000 	/System/Library/Frameworks/OpenGL.framework/Versions/A/Libraries/libGL.dylib
0x00000000123ba000 	/System/Library/Frameworks/OpenGL.framework/Versions/A/Libraries/libGLImage.dylib
0x00000000123ba000 	/System/Library/Frameworks/OpenGL.framework/Versions/A/Libraries/libCVMSPluginSupport.dylib
0x00000000123ba000 	/System/Library/Frameworks/OpenGL.framework/Versions/A/Libraries/libCoreVMClient.dylib
0x00000000123ba000 	/usr/lib/libcups.2.dylib
0x00000000123ba000 	/System/Library/Frameworks/Kerberos.framework/Versions/A/Kerberos
0x00000000123ba000 	/System/Library/Frameworks/GSS.framework/Versions/A/GSS
0x00000000123ba000 	/usr/lib/libresolv.9.dylib
0x00000000123ba000 	/usr/lib/libiconv.2.dylib
0x00000000123ba000 	/System/Library/PrivateFrameworks/Heimdal.framework/Versions/A/Heimdal
0x00000000123ba000 	/usr/lib/libheimdal-asn1.dylib
0x00000000123ba000 	/System/Library/Frameworks/OpenDirectory.framework/Versions/A/OpenDirectory
0x00000000123ba000 	/System/Library/PrivateFrameworks/CommonAuth.framework/Versions/A/CommonAuth
0x00000000123ba000 	/System/Library/Frameworks/OpenDirectory.framework/Versions/A/Frameworks/CFOpenDirectory.framework/Versions/A/CFOpenDirectory
0x00000000123ba000 	/System/Library/Frameworks/SecurityFoundation.framework/Versions/A/SecurityFoundation
0x00000000123ba000 	/System/Library/PrivateFrameworks/APFS.framework/Versions/A/APFS
0x00000000123ba000 	/usr/lib/libutil.dylib
0x00000000123ba000 	/usr/lib/libcharset.1.dylib
0x00000000123ba000 	/System/Library/PrivateFrameworks/AppleSauce.framework/Versions/A/AppleSauce
0x00000000123ba000 	/System/Library/PrivateFrameworks/AssertionServices.framework/Versions/A/AssertionServices
0x00000000123ba000 	/System/Library/PrivateFrameworks/BaseBoard.framework/Versions/A/BaseBoard
0x00000000123ba000 	/usr/lib/libmecab.1.0.0.dylib
0x00000000123ba000 	/usr/lib/libgermantok.dylib
0x00000000123ba000 	/usr/lib/libThaiTokenizer.dylib
0x00000000123ba000 	/usr/lib/libChineseTokenizer.dylib
0x00000000123ba000 	/System/Library/PrivateFrameworks/LanguageModeling.framework/Versions/A/LanguageModeling
0x00000000123ba000 	/System/Library/PrivateFrameworks/CoreEmoji.framework/Versions/A/CoreEmoji
0x00000000123ba000 	/System/Library/PrivateFrameworks/Lexicon.framework/Versions/A/Lexicon
0x00000000123ba000 	/System/Library/PrivateFrameworks/LinguisticData.framework/Versions/A/LinguisticData
0x00000000123ba000 	/usr/lib/libcmph.dylib
0x00000000123ba000 	/System/Library/Frameworks/ServiceManagement.framework/Versions/A/ServiceManagement
0x00000000123ba000 	/System/Library/PrivateFrameworks/BackgroundTaskManagement.framework/Versions/A/BackgroundTaskManagement
0x00000000123ba000 	/usr/lib/libxslt.1.dylib
0x00000000123ba000 	/System/Library/Frameworks/Carbon.framework/Versions/A/Frameworks/Ink.framework/Versions/A/Ink
0x00000000123ba000 	/System/Library/PrivateFrameworks/TextureIO.framework/Versions/A/TextureIO
0x00000000123ba000 	/usr/lib/libate.dylib
0x00000000123ba000 	/System/Library/PrivateFrameworks/CrashReporterSupport.framework/Versions/A/CrashReporterSupport
0x00000000123ba000 	/System/Library/PrivateFrameworks/Sharing.framework/Versions/A/Sharing
0x00000000123ba000 	/System/Library/PrivateFrameworks/AuthKit.framework/Versions/A/AuthKit
0x00000000123ba000 	/System/Library/PrivateFrameworks/Apple80211.framework/Versions/A/Apple80211
0x00000000123ba000 	/System/Library/PrivateFrameworks/CoreUtils.framework/Versions/A/CoreUtils
0x00000000123ba000 	/System/Library/Frameworks/CoreWLAN.framework/Versions/A/CoreWLAN
0x00000000123ba000 	/System/Library/Frameworks/IOBluetooth.framework/Versions/A/IOBluetooth
0x00000000123ba000 	/System/Library/PrivateFrameworks/ProtocolBuffer.framework/Versions/A/ProtocolBuffer
0x00000000123ba000 	/System/Library/PrivateFrameworks/MobileKeyBag.framework/Versions/A/MobileKeyBag
0x00000000123ba000 	/System/Library/PrivateFrameworks/CorePhoneNumbers.framework/Versions/A/CorePhoneNumbers
0x00000000123ba000 	/System/Library/PrivateFrameworks/AppleIDAuthSupport.framework/Versions/A/AppleIDAuthSupport
0x00000000123ba000 	/System/Library/PrivateFrameworks/KeychainCircle.framework/Versions/A/KeychainCircle
0x00000000123ba000 	/System/Library/PrivateFrameworks/ROCKit.framework/Versions/A/ROCKit
0x00000000123ba000 	/System/Library/PrivateFrameworks/CoreWiFi.framework/Versions/A/CoreWiFi
0x00000000123ba000 	/System/Library/Frameworks/CoreBluetooth.framework/Versions/A/CoreBluetooth
0x00000000123ba000 	/System/Library/PrivateFrameworks/DebugSymbols.framework/Versions/A/DebugSymbols
0x00000000123ba000 	/System/Library/PrivateFrameworks/CoreSymbolication.framework/Versions/A/CoreSymbolication
0x00000000123ba000 	/System/Library/PrivateFrameworks/Symbolication.framework/Versions/A/Symbolication
0x00000000123ba000 	/System/Library/PrivateFrameworks/SpeechRecognitionCore.framework/Versions/A/SpeechRecognitionCore
0x000000010e977000 	/Library/Java/JavaVirtualMachines/jdk1.8.0_121.jdk/Contents/Home/jre/lib/server/libjvm.dylib
0x00000000123ba000 	/usr/lib/libstdc++.6.dylib
0x000000010f919000 	/Library/Java/JavaVirtualMachines/jdk1.8.0_121.jdk/Contents/Home/jre/lib/libverify.dylib
0x000000010f927000 	/Library/Java/JavaVirtualMachines/jdk1.8.0_121.jdk/Contents/Home/jre/lib/libjava.dylib
0x000000010f95d000 	/Library/Java/JavaVirtualMachines/jdk1.8.0_121.jdk/Contents/Home/jre/lib/libjdwp.dylib
0x000000010f9a8000 	/Library/Java/JavaVirtualMachines/jdk1.8.0_121.jdk/Contents/Home/jre/lib/libnpt.dylib
0x000000010f9f5000 	/Library/Java/JavaVirtualMachines/jdk1.8.0_121.jdk/Contents/Home/jre/lib/libzip.dylib
0x00000000123ba000 	/System/Library/Frameworks/JavaVM.framework/Versions/A/Frameworks/JavaRuntimeSupport.framework/Versions/A/JavaRuntimeSupport
0x00000000123ba000 	/System/Library/Frameworks/JavaVM.framework/Versions/A/Frameworks/JavaNativeFoundation.framework/Versions/A/JavaNativeFoundation
0x00000000123ba000 	/System/Library/Frameworks/JavaVM.framework/Versions/A/JavaVM
0x00000000123ba000 	/System/Library/Frameworks/Carbon.framework/Versions/A/Carbon
0x00000000123ba000 	/System/Library/PrivateFrameworks/JavaLaunching.framework/Versions/A/JavaLaunching
0x00000000123ba000 	/System/Library/Frameworks/Carbon.framework/Versions/A/Frameworks/CommonPanels.framework/Versions/A/CommonPanels
0x00000000123ba000 	/System/Library/Frameworks/Carbon.framework/Versions/A/Frameworks/Help.framework/Versions/A/Help
0x00000000123ba000 	/System/Library/Frameworks/Carbon.framework/Versions/A/Frameworks/ImageCapture.framework/Versions/A/ImageCapture
0x00000000123ba000 	/System/Library/Frameworks/Carbon.framework/Versions/A/Frameworks/OpenScripting.framework/Versions/A/OpenScripting
0x00000000123ba000 	/System/Library/Frameworks/Carbon.framework/Versions/A/Frameworks/Print.framework/Versions/A/Print
0x00000000123ba000 	/System/Library/Frameworks/Carbon.framework/Versions/A/Frameworks/SecurityHI.framework/Versions/A/SecurityHI
0x0000000116ba7000 	/Library/Java/JavaVirtualMachines/jdk1.8.0_121.jdk/Contents/Home/jre/lib/libdt_socket.dylib
0x00000001277b7000 	/Library/Java/JavaVirtualMachines/jdk1.8.0_121.jdk/Contents/Home/jre/lib/libprism_es2.dylib
0x00000000123ba000 	/System/Library/PrivateFrameworks/CoreServicesInternal.framework/Versions/A/CoreServicesInternal
0x00000000123ba000 	/System/Library/Frameworks/OpenGL.framework/Versions/A/Resources/GLEngine.bundle/GLEngine
0x00000000123ba000 	/System/Library/Frameworks/OpenGL.framework/Versions/A/Libraries/libGLProgrammability.dylib
0x00000000123ba000 	/System/Library/Extensions/AppleIntelBDWGraphicsGLDriver.bundle/Contents/MacOS/AppleIntelBDWGraphicsGLDriver
0x00000000123ba000 	/System/Library/PrivateFrameworks/GPUSupport.framework/Versions/A/Libraries/libGPUSupportMercury.dylib
0x00000000123ba000 	/System/Library/Frameworks/OpenGL.framework/Versions/A/Resources/GLRendererFloat.bundle/GLRendererFloat
0x00000000123ba000 	/System/Library/Frameworks/OpenCL.framework/Versions/A/Libraries/libcldcpuengine.dylib
0x00000000123ba000 	/usr/lib/libcrypto.35.dylib
0x00000000123ba000 	/System/Library/PrivateFrameworks/TrustEvaluationAgent.framework/Versions/A/TrustEvaluationAgent
0x0000000128056000 	/Library/Java/JavaVirtualMachines/jdk1.8.0_121.jdk/Contents/Home/jre/lib/libglass.dylib
0x00000000123ba000 	/System/Library/CoreServices/RawCamera.bundle/Contents/MacOS/RawCamera
0x00000000123ba000 	/System/Library/PrivateFrameworks/MobileAsset.framework/Versions/A/MobileAsset
0x00000000123ba000 	/System/Library/PrivateFrameworks/StreamingZip.framework/Versions/A/StreamingZip
0x00000000123ba000 	/System/Library/Frameworks/MediaToolbox.framework/Versions/A/MediaToolbox
0x00000000123ba000 	/System/Library/PrivateFrameworks/CoreAVCHD.framework/Versions/A/CoreAVCHD
0x00000000123ba000 	/System/Library/Frameworks/MediaAccessibility.framework/Versions/A/MediaAccessibility
0x00000000123ba000 	/System/Library/PrivateFrameworks/Mangrove.framework/Versions/A/Mangrove
0x00000000123ba000 	/System/Library/Frameworks/CoreMedia.framework/Versions/A/CoreMedia
0x00000000123ba000 	/System/Library/Frameworks/VideoToolbox.framework/Versions/A/VideoToolbox
0x00000000123ba000 	/System/Library/PrivateFrameworks/CoreAUC.framework/Versions/A/CoreAUC
0x00000000123ba000 	/usr/lib/libspindump.dylib
0x00000000123ba000 	/System/Library/PrivateFrameworks/AppleVA.framework/Versions/A/AppleVA
0x00000000123ba000 	/System/Library/Frameworks/Accelerate.framework/Versions/A/Frameworks/vImage.framework/Versions/A/Libraries/libCGInterfaces.dylib
0x00000000123ba000 	/System/Library/PrivateFrameworks/FamilyControls.framework/Versions/A/FamilyControls
0x00000000123ba000 	/System/Library/PrivateFrameworks/CommerceKit.framework/Versions/A/Frameworks/CommerceCore.framework/Versions/A/CommerceCore
0x00000000123ba000 	/System/Library/PrivateFrameworks/SystemAdministration.framework/Versions/A/SystemAdministration
0x00000000123ba000 	/System/Library/PrivateFrameworks/AppContainer.framework/Versions/A/AppContainer
0x00000000123ba000 	/System/Library/PrivateFrameworks/AppSandbox.framework/Versions/A/AppSandbox
0x00000000123ba000 	/System/Library/PrivateFrameworks/SecCodeWrapper.framework/Versions/A/SecCodeWrapper
0x00000000123ba000 	/usr/lib/libsandbox.1.dylib
0x00000000123ba000 	/usr/lib/libMatch.1.dylib
0x00000000123ba000 	/System/Library/PrivateFrameworks/DiskManagement.framework/Versions/A/DiskManagement
0x00000000123ba000 	/System/Library/Frameworks/DirectoryService.framework/Versions/A/DirectoryService
0x00000000123ba000 	/System/Library/PrivateFrameworks/DiskImages.framework/Versions/A/DiskImages
0x00000000123ba000 	/System/Library/PrivateFrameworks/LoginUIKit.framework/Versions/A/Frameworks/LoginUICore.framework/Versions/A/LoginUICore
0x00000000123ba000 	/usr/lib/libCoreStorage.dylib
0x00000000123ba000 	/usr/lib/libcsfde.dylib
0x00000000123ba000 	/usr/lib/libodfde.dylib
0x00000000123ba000 	/System/Library/PrivateFrameworks/MediaKit.framework/Versions/A/MediaKit
0x00000000123ba000 	/System/Library/Frameworks/DiscRecording.framework/Versions/A/DiscRecording
0x00000000123ba000 	/System/Library/PrivateFrameworks/EFILogin.framework/Versions/A/EFILogin
0x00000000123ba000 	/System/Library/PrivateFrameworks/ProtectedCloudStorage.framework/Versions/A/ProtectedCloudStorage
0x00000000123ba000 	/usr/lib/libcurl.4.dylib
0x00000000123ba000 	/usr/lib/libcrypto.42.dylib
0x00000000123ba000 	/usr/lib/libssl.44.dylib
0x00000000123ba000 	/System/Library/Frameworks/LDAP.framework/Versions/A/LDAP
0x00000000123ba000 	/usr/lib/libsasl2.2.dylib
0x00000000123ba000 	/System/Library/PrivateFrameworks/CoreDaemon.framework/Versions/B/CoreDaemon
0x00000000123ba000 	/System/Library/PrivateFrameworks/AppleSRP.framework/Versions/A/AppleSRP
0x00000000123ba000 	/System/Library/PrivateFrameworks/ViewBridge.framework/Versions/A/ViewBridge
0x000000012a5f7000 	/Library/Java/JavaVirtualMachines/jdk1.8.0_121.jdk/Contents/Home/jre/lib/libjavafx_font.dylib
0x00000000123ba000 	/System/Library/Frameworks/ApplicationServices.framework/Versions/A/Frameworks/ATS.framework/Versions/A/Resources/libTrueTypeScaler.dylib
0x0000000127987000 	/usr/lib/libobjc-trampolines.dylib
0x00000000123ba000 	/System/Library/Extensions/AppleIntelBDWGraphicsMTLDriver.bundle/Contents/MacOS/AppleIntelBDWGraphicsMTLDriver
0x00000000123ba000 	/System/Library/PrivateFrameworks/GPUCompiler.framework/Versions/3902/Libraries/libmetal_timestamp.dylib
0x000000012b211000 	/Library/Java/JavaVirtualMachines/jdk1.8.0_121.jdk/Contents/Home/jre/lib/libprism_common.dylib
0x00000000123ba000 	/System/Library/PrivateFrameworks/login.framework/Versions/A/login
0x0000000127aa4000 	/private/var/folders/37/ky7bsghx73x48tqrbwk0xhx40000gn/T/bluecove_danielmarchan_0/libbluecove.jnilib

VM Arguments:
jvm_args: -Xdebug -Xrunjdwp:transport=dt_socket,address=localhost:49724 -Dglass.disableGrab=true -Dfile.encoding=UTF-8 
java_command: /Users/danielmarchan/Documents/Cuarto 1erCuatri/Telemedicine/Project Telemedicine/TeleArritmia/dist/run67551162/TeleArritmia.jar
java_class_path (initial): /Users/danielmarchan/Documents/Cuarto 1erCuatri/Telemedicine/Project Telemedicine/TeleArritmia/dist/run67551162/TeleArritmia.jar
Launcher Type: SUN_STANDARD

Environment Variables:
PATH=/usr/bin:/bin:/usr/sbin:/sbin
LD_LIBRARY_PATH=/Library/Java/JavaVirtualMachines/jdk1.8.0_121.jdk/Contents/Home/jre/lib/amd64:/Library/Java/JavaVirtualMachines/jdk1.8.0_121.jdk/Contents/Home/jre/lib/i386:
SHELL=/bin/bash
DISPLAY=/private/tmp/com.apple.launchd.rwhBwJsVUE/org.macosforge.xquartz:0

Signal Handlers:
SIGSEGV: [libjvm.dylib+0x5b1141], sa_mask[0]=11111111011111110111111111111111, sa_flags=SA_ONSTACK|SA_RESTART|SA_SIGINFO
SIGBUS: [libjvm.dylib+0x5b1141], sa_mask[0]=11111111011111110111111111111111, sa_flags=SA_RESTART|SA_SIGINFO
SIGFPE: [libjvm.dylib+0x487bc4], sa_mask[0]=11111111011111110111111111111111, sa_flags=SA_RESTART|SA_SIGINFO
SIGPIPE: [libjvm.dylib+0x487bc4], sa_mask[0]=11111111011111110111111111111111, sa_flags=SA_RESTART|SA_SIGINFO
SIGXFSZ: [libjvm.dylib+0x487bc4], sa_mask[0]=11111111011111110111111111111111, sa_flags=SA_RESTART|SA_SIGINFO
SIGILL: [libjvm.dylib+0x487bc4], sa_mask[0]=11111111011111110111111111111111, sa_flags=SA_RESTART|SA_SIGINFO
SIGUSR1: SIG_DFL, sa_mask[0]=11011111011111100000000111000110, sa_flags=none
SIGUSR2: [libjvm.dylib+0x4876e2], sa_mask[0]=00100000000000000000000000000000, sa_flags=SA_RESTART|SA_SIGINFO
SIGHUP: [libjvm.dylib+0x485cb9], sa_mask[0]=11111111011111110111111111111111, sa_flags=SA_RESTART|SA_SIGINFO
SIGINT: SIG_IGN, sa_mask[0]=00000000000000000000000000000000, sa_flags=none
SIGTERM: [libjvm.dylib+0x485cb9], sa_mask[0]=11111111011111110111111111111111, sa_flags=SA_RESTART|SA_SIGINFO
SIGQUIT: [libjvm.dylib+0x485cb9], sa_mask[0]=11111111011111110111111111111111, sa_flags=SA_RESTART|SA_SIGINFO


---------------  S Y S T E M  ---------------

OS:Bsduname:Darwin 18.6.0 Darwin Kernel Version 18.6.0: Thu Apr 25 23:16:27 PDT 2019; root:xnu-4903.261.4~2/RELEASE_X86_64 x86_64
rlimit: STACK 8192k, CORE 0k, NPROC 709, NOFILE 10240, AS infinity
load average:3.21 3.14 2.75

CPU:total 4 (2 cores per cpu, 2 threads per core) family 6 model 61 stepping 4, cmov, cx8, fxsr, mmx, sse, sse2, sse3, ssse3, sse4.1, sse4.2, popcnt, avx, avx2, aes, clmul, erms, 3dnowpref, lzcnt, ht, tsc, tscinvbit, bmi1, bmi2, adx

Memory: 4k page, physical 8388608k(74000k free)

/proc/meminfo:


vm_info: Java HotSpot(TM) 64-Bit Server VM (25.121-b13) for bsd-amd64 JRE (1.8.0_121-b13), built on Dec 12 2016 20:39:32 by "java_re" with gcc 4.2.1 (Based on Apple Inc. build 5658) (LLVM build 2336.11.00)

time: Fri Oct 25 17:41:38 2019
elapsed time: 72 seconds (0d 0h 1m 12s)

